<?xml version="1.0" encoding="UTF-8" ?>
<testsuite errors="0" failures="0" hostname="tuanp" name="com.cloud.test.ServiceTest" skipped="0" tests="1" time="0.461" timestamp="2016-06-07T03:25:43">
  <properties>
[...]
</properties>
  <testcase classname="com.cloud.test.ServiceTest" name="testDb" time="0.442" />
  <system-out><![CDATA[===========setup=============
[BOOT] INFO: -- boot log messages -->
[BOOT] INFO: Found logging properties file: OJB-logging.properties
[BOOT] INFO: Logging: Found logger class 'org.apache.ojb.broker.util.logging.PoorMansLoggerImpl

[BOOT] INFO: Loading OJB's properties: file:/D:/projects/vr/DOC/thay_tung/ojb-blank/OJB.properties
[BOOT] INFO: PersistencebrokerFactory class instantiated: org.apache.ojb.broker.core.PersistenceBrokerFactoryDefaultImpl@36b4cef0
[org.apache.ojb.broker.accesslayer.ConnectionFactoryAbstractImpl] ERROR: Naming Exception while looking up DataSource (java:DefaultDS)
Need to specify class name in environment or system property, or as an applet parameter, or in an application resource file:  java.naming.factory.initial
[org.apache.ojb.odmg.TransactionImpl] ERROR: Could not prepare for commit
Can't lookup a connection
[org.apache.ojb.odmg.TransactionImpl] ERROR: Error while commit objects, do abort tx org.apache.ojb.odmg.TransactionImpl@70be0a2b, Can't lookup a connection
Can't lookup a connection
===========teardown=============
]]></system-out>
  <system-err><![CDATA[javax.naming.NoInitialContextException: Need to specify class name in environment or system property, or as an applet parameter, or in an application resource file:  java.naming.factory.initial
	at javax.naming.spi.NamingManager.getInitialContext(NamingManager.java:662)
	at javax.naming.InitialContext.getDefaultInitCtx(InitialContext.java:313)
	at javax.naming.InitialContext.getURLOrDefaultInitCtx(InitialContext.java:350)
	at javax.naming.InitialContext.lookup(InitialContext.java:417)
	at org.apache.ojb.broker.accesslayer.ConnectionFactoryAbstractImpl.newConnectionFromDataSource(Unknown Source)
	at org.apache.ojb.broker.accesslayer.ConnectionFactoryAbstractImpl.lookupConnection(Unknown Source)
	at org.apache.ojb.broker.accesslayer.ConnectionManagerImpl.getConnection(Unknown Source)
	at org.apache.ojb.broker.accesslayer.ConnectionManagerImpl.localBegin(Unknown Source)
	at org.apache.ojb.broker.core.PersistenceBrokerImpl.beginTransaction(Unknown Source)
	at org.apache.ojb.broker.core.DelegatingPersistenceBroker.beginTransaction(Unknown Source)
	at org.apache.ojb.broker.core.DelegatingPersistenceBroker.beginTransaction(Unknown Source)
	at org.apache.ojb.odmg.TransactionImpl.doWriteObjects(Unknown Source)
	at org.apache.ojb.odmg.TransactionImpl.prepareCommit(Unknown Source)
	at org.apache.ojb.odmg.TransactionImpl.commit(Unknown Source)
	at com.cloud.test.ServiceTest.testDb(ServiceTest.java:40)
	at sun.reflect.NativeMethodAccessorImpl.invoke0(Native Method)
	at sun.reflect.NativeMethodAccessorImpl.invoke(NativeMethodAccessorImpl.java:62)
	at sun.reflect.DelegatingMethodAccessorImpl.invoke(DelegatingMethodAccessorImpl.java:43)
	at java.lang.reflect.Method.invoke(Method.java:483)
	at junit.framework.TestCase.runTest(TestCase.java:154)
	at junit.framework.TestCase.runBare(TestCase.java:127)
	at junit.framework.TestResult$1.protect(TestResult.java:106)
	at junit.framework.TestResult.runProtected(TestResult.java:124)
	at junit.framework.TestResult.run(TestResult.java:109)
	at junit.framework.TestCase.run(TestCase.java:118)
	at junit.framework.TestSuite.runTest(TestSuite.java:208)
	at junit.framework.TestSuite.run(TestSuite.java:203)
	at org.apache.tools.ant.taskdefs.optional.junit.JUnitTestRunner.run(JUnitTestRunner.java:535)
	at org.apache.tools.ant.taskdefs.optional.junit.JUnitTask.executeInVM(JUnitTask.java:1621)
	at org.apache.tools.ant.taskdefs.optional.junit.JUnitTask.execute(JUnitTask.java:1021)
	at org.apache.tools.ant.taskdefs.optional.junit.JUnitTask.executeOrQueue(JUnitTask.java:2105)
	at org.apache.tools.ant.taskdefs.optional.junit.JUnitTask.execute(JUnitTask.java:832)
	at org.apache.tools.ant.UnknownElement.execute(UnknownElement.java:293)
	at sun.reflect.NativeMethodAccessorImpl.invoke0(Native Method)
	at sun.reflect.NativeMethodAccessorImpl.invoke(NativeMethodAccessorImpl.java:62)
	at sun.reflect.DelegatingMethodAccessorImpl.invoke(DelegatingMethodAccessorImpl.java:43)
	at java.lang.reflect.Method.invoke(Method.java:483)
	at org.apache.tools.ant.dispatch.DispatchUtils.execute(DispatchUtils.java:106)
	at org.apache.tools.ant.Task.perform(Task.java:348)
	at org.apache.tools.ant.Target.execute(Target.java:435)
	at org.apache.tools.ant.Target.performTasks(Target.java:456)
	at org.apache.tools.ant.Project.executeSortedTargets(Project.java:1405)
	at org.apache.tools.ant.Project.executeTarget(Project.java:1376)
	at org.apache.tools.ant.helper.DefaultExecutor.executeTargets(DefaultExecutor.java:41)
	at org.apache.tools.ant.Project.executeTargets(Project.java:1260)
	at org.apache.tools.ant.Main.runBuild(Main.java:854)
	at org.apache.tools.ant.Main.startAnt(Main.java:236)
	at org.apache.tools.ant.launch.Launcher.run(Launcher.java:285)
	at org.apache.tools.ant.launch.Launcher.main(Launcher.java:112)
org.apache.ojb.broker.PersistenceBrokerException: Can't lookup a connection
	at org.apache.ojb.broker.accesslayer.ConnectionManagerImpl.localBegin(Unknown Source)
	at org.apache.ojb.broker.core.PersistenceBrokerImpl.beginTransaction(Unknown Source)
	at org.apache.ojb.broker.core.DelegatingPersistenceBroker.beginTransaction(Unknown Source)
	at org.apache.ojb.broker.core.DelegatingPersistenceBroker.beginTransaction(Unknown Source)
	at org.apache.ojb.odmg.TransactionImpl.doWriteObjects(Unknown Source)
	at org.apache.ojb.odmg.TransactionImpl.prepareCommit(Unknown Source)
	at org.apache.ojb.odmg.TransactionImpl.commit(Unknown Source)
	at com.cloud.test.ServiceTest.testDb(ServiceTest.java:40)
	at sun.reflect.NativeMethodAccessorImpl.invoke0(Native Method)
	at sun.reflect.NativeMethodAccessorImpl.invoke(NativeMethodAccessorImpl.java:62)
	at sun.reflect.DelegatingMethodAccessorImpl.invoke(DelegatingMethodAccessorImpl.java:43)
	at java.lang.reflect.Method.invoke(Method.java:483)
	at junit.framework.TestCase.runTest(TestCase.java:154)
	at junit.framework.TestCase.runBare(TestCase.java:127)
	at junit.framework.TestResult$1.protect(TestResult.java:106)
	at junit.framework.TestResult.runProtected(TestResult.java:124)
	at junit.framework.TestResult.run(TestResult.java:109)
	at junit.framework.TestCase.run(TestCase.java:118)
	at junit.framework.TestSuite.runTest(TestSuite.java:208)
	at junit.framework.TestSuite.run(TestSuite.java:203)
	at org.apache.tools.ant.taskdefs.optional.junit.JUnitTestRunner.run(JUnitTestRunner.java:535)
	at org.apache.tools.ant.taskdefs.optional.junit.JUnitTask.executeInVM(JUnitTask.java:1621)
	at org.apache.tools.ant.taskdefs.optional.junit.JUnitTask.execute(JUnitTask.java:1021)
	at org.apache.tools.ant.taskdefs.optional.junit.JUnitTask.executeOrQueue(JUnitTask.java:2105)
	at org.apache.tools.ant.taskdefs.optional.junit.JUnitTask.execute(JUnitTask.java:832)
	at org.apache.tools.ant.UnknownElement.execute(UnknownElement.java:293)
	at sun.reflect.NativeMethodAccessorImpl.invoke0(Native Method)
	at sun.reflect.NativeMethodAccessorImpl.invoke(NativeMethodAccessorImpl.java:62)
	at sun.reflect.DelegatingMethodAccessorImpl.invoke(DelegatingMethodAccessorImpl.java:43)
	at java.lang.reflect.Method.invoke(Method.java:483)
	at org.apache.tools.ant.dispatch.DispatchUtils.execute(DispatchUtils.java:106)
	at org.apache.tools.ant.Task.perform(Task.java:348)
	at org.apache.tools.ant.Target.execute(Target.java:435)
	at org.apache.tools.ant.Target.performTasks(Target.java:456)
	at org.apache.tools.ant.Project.executeSortedTargets(Project.java:1405)
	at org.apache.tools.ant.Project.executeTarget(Project.java:1376)
	at org.apache.tools.ant.helper.DefaultExecutor.executeTargets(DefaultExecutor.java:41)
	at org.apache.tools.ant.Project.executeTargets(Project.java:1260)
	at org.apache.tools.ant.Main.runBuild(Main.java:854)
	at org.apache.tools.ant.Main.startAnt(Main.java:236)
	at org.apache.tools.ant.launch.Launcher.run(Launcher.java:285)
	at org.apache.tools.ant.launch.Launcher.main(Launcher.java:112)
Caused by: org.apache.ojb.broker.accesslayer.LookupException: Naming Exception while looking up DataSource (java:DefaultDS)
	at org.apache.ojb.broker.accesslayer.ConnectionFactoryAbstractImpl.newConnectionFromDataSource(Unknown Source)
	at org.apache.ojb.broker.accesslayer.ConnectionFactoryAbstractImpl.lookupConnection(Unknown Source)
	at org.apache.ojb.broker.accesslayer.ConnectionManagerImpl.getConnection(Unknown Source)
	... 42 more
Caused by: javax.naming.NoInitialContextException: Need to specify class name in environment or system property, or as an applet parameter, or in an application resource file:  java.naming.factory.initial
	at javax.naming.spi.NamingManager.getInitialContext(NamingManager.java:662)
	at javax.naming.InitialContext.getDefaultInitCtx(InitialContext.java:313)
	at javax.naming.InitialContext.getURLOrDefaultInitCtx(InitialContext.java:350)
	at javax.naming.InitialContext.lookup(InitialContext.java:417)
	... 45 more
org.apache.ojb.broker.PersistenceBrokerException: Can't lookup a connection
	at org.apache.ojb.broker.accesslayer.ConnectionManagerImpl.localBegin(Unknown Source)
	at org.apache.ojb.broker.core.PersistenceBrokerImpl.beginTransaction(Unknown Source)
	at org.apache.ojb.broker.core.DelegatingPersistenceBroker.beginTransaction(Unknown Source)
	at org.apache.ojb.broker.core.DelegatingPersistenceBroker.beginTransaction(Unknown Source)
	at org.apache.ojb.odmg.TransactionImpl.doWriteObjects(Unknown Source)
	at org.apache.ojb.odmg.TransactionImpl.prepareCommit(Unknown Source)
	at org.apache.ojb.odmg.TransactionImpl.commit(Unknown Source)
	at com.cloud.test.ServiceTest.testDb(ServiceTest.java:40)
	at sun.reflect.NativeMethodAccessorImpl.invoke0(Native Method)
	at sun.reflect.NativeMethodAccessorImpl.invoke(NativeMethodAccessorImpl.java:62)
	at sun.reflect.DelegatingMethodAccessorImpl.invoke(DelegatingMethodAccessorImpl.java:43)
	at java.lang.reflect.Method.invoke(Method.java:483)
	at junit.framework.TestCase.runTest(TestCase.java:154)
	at junit.framework.TestCase.runBare(TestCase.java:127)
	at junit.framework.TestResult$1.protect(TestResult.java:106)
	at junit.framework.TestResult.runProtected(TestResult.java:124)
	at junit.framework.TestResult.run(TestResult.java:109)
	at junit.framework.TestCase.run(TestCase.java:118)
	at junit.framework.TestSuite.runTest(TestSuite.java:208)
	at junit.framework.TestSuite.run(TestSuite.java:203)
	at org.apache.tools.ant.taskdefs.optional.junit.JUnitTestRunner.run(JUnitTestRunner.java:535)
	at org.apache.tools.ant.taskdefs.optional.junit.JUnitTask.executeInVM(JUnitTask.java:1621)
	at org.apache.tools.ant.taskdefs.optional.junit.JUnitTask.execute(JUnitTask.java:1021)
	at org.apache.tools.ant.taskdefs.optional.junit.JUnitTask.executeOrQueue(JUnitTask.java:2105)
	at org.apache.tools.ant.taskdefs.optional.junit.JUnitTask.execute(JUnitTask.java:832)
	at org.apache.tools.ant.UnknownElement.execute(UnknownElement.java:293)
	at sun.reflect.NativeMethodAccessorImpl.invoke0(Native Method)
	at sun.reflect.NativeMethodAccessorImpl.invoke(NativeMethodAccessorImpl.java:62)
	at sun.reflect.DelegatingMethodAccessorImpl.invoke(DelegatingMethodAccessorImpl.java:43)
	at java.lang.reflect.Method.invoke(Method.java:483)
	at org.apache.tools.ant.dispatch.DispatchUtils.execute(DispatchUtils.java:106)
	at org.apache.tools.ant.Task.perform(Task.java:348)
	at org.apache.tools.ant.Target.execute(Target.java:435)
	at org.apache.tools.ant.Target.performTasks(Target.java:456)
	at org.apache.tools.ant.Project.executeSortedTargets(Project.java:1405)
	at org.apache.tools.ant.Project.executeTarget(Project.java:1376)
	at org.apache.tools.ant.helper.DefaultExecutor.executeTargets(DefaultExecutor.java:41)
	at org.apache.tools.ant.Project.executeTargets(Project.java:1260)
	at org.apache.tools.ant.Main.runBuild(Main.java:854)
	at org.apache.tools.ant.Main.startAnt(Main.java:236)
	at org.apache.tools.ant.launch.Launcher.run(Launcher.java:285)
	at org.apache.tools.ant.launch.Launcher.main(Launcher.java:112)
Caused by: org.apache.ojb.broker.accesslayer.LookupException: Naming Exception while looking up DataSource (java:DefaultDS)
	at org.apache.ojb.broker.accesslayer.ConnectionFactoryAbstractImpl.newConnectionFromDataSource(Unknown Source)
	at org.apache.ojb.broker.accesslayer.ConnectionFactoryAbstractImpl.lookupConnection(Unknown Source)
	at org.apache.ojb.broker.accesslayer.ConnectionManagerImpl.getConnection(Unknown Source)
	... 42 more
Caused by: javax.naming.NoInitialContextException: Need to specify class name in environment or system property, or as an applet parameter, or in an application resource file:  java.naming.factory.initial
	at javax.naming.spi.NamingManager.getInitialContext(NamingManager.java:662)
	at javax.naming.InitialContext.getDefaultInitCtx(InitialContext.java:313)
	at javax.naming.InitialContext.getURLOrDefaultInitCtx(InitialContext.java:350)
	at javax.naming.InitialContext.lookup(InitialContext.java:417)
	... 45 more
org.apache.ojb.odmg.TransactionAbortedExceptionOJB: Can't commit objects: Can't lookup a connection
	at org.apache.ojb.odmg.TransactionImpl.commit(Unknown Source)
	at com.cloud.test.ServiceTest.testDb(ServiceTest.java:40)
	at sun.reflect.NativeMethodAccessorImpl.invoke0(Native Method)
	at sun.reflect.NativeMethodAccessorImpl.invoke(NativeMethodAccessorImpl.java:62)
	at sun.reflect.DelegatingMethodAccessorImpl.invoke(DelegatingMethodAccessorImpl.java:43)
	at java.lang.reflect.Method.invoke(Method.java:483)
	at junit.framework.TestCase.runTest(TestCase.java:154)
	at junit.framework.TestCase.runBare(TestCase.java:127)
	at junit.framework.TestResult$1.protect(TestResult.java:106)
	at junit.framework.TestResult.runProtected(TestResult.java:124)
	at junit.framework.TestResult.run(TestResult.java:109)
	at junit.framework.TestCase.run(TestCase.java:118)
	at junit.framework.TestSuite.runTest(TestSuite.java:208)
	at junit.framework.TestSuite.run(TestSuite.java:203)
	at org.apache.tools.ant.taskdefs.optional.junit.JUnitTestRunner.run(JUnitTestRunner.java:535)
	at org.apache.tools.ant.taskdefs.optional.junit.JUnitTask.executeInVM(JUnitTask.java:1621)
	at org.apache.tools.ant.taskdefs.optional.junit.JUnitTask.execute(JUnitTask.java:1021)
	at org.apache.tools.ant.taskdefs.optional.junit.JUnitTask.executeOrQueue(JUnitTask.java:2105)
	at org.apache.tools.ant.taskdefs.optional.junit.JUnitTask.execute(JUnitTask.java:832)
	at org.apache.tools.ant.UnknownElement.execute(UnknownElement.java:293)
	at sun.reflect.NativeMethodAccessorImpl.invoke0(Native Method)
	at sun.reflect.NativeMethodAccessorImpl.invoke(NativeMethodAccessorImpl.java:62)
	at sun.reflect.DelegatingMethodAccessorImpl.invoke(DelegatingMethodAccessorImpl.java:43)
	at java.lang.reflect.Method.invoke(Method.java:483)
	at org.apache.tools.ant.dispatch.DispatchUtils.execute(DispatchUtils.java:106)
	at org.apache.tools.ant.Task.perform(Task.java:348)
	at org.apache.tools.ant.Target.execute(Target.java:435)
	at org.apache.tools.ant.Target.performTasks(Target.java:456)
	at org.apache.tools.ant.Project.executeSortedTargets(Project.java:1405)
	at org.apache.tools.ant.Project.executeTarget(Project.java:1376)
	at org.apache.tools.ant.helper.DefaultExecutor.executeTargets(DefaultExecutor.java:41)
	at org.apache.tools.ant.Project.executeTargets(Project.java:1260)
	at org.apache.tools.ant.Main.runBuild(Main.java:854)
	at org.apache.tools.ant.Main.startAnt(Main.java:236)
	at org.apache.tools.ant.launch.Launcher.run(Launcher.java:285)
	at org.apache.tools.ant.launch.Launcher.main(Launcher.java:112)
Caused by: org.apache.ojb.broker.PersistenceBrokerException: Can't lookup a connection
	at org.apache.ojb.broker.accesslayer.ConnectionManagerImpl.localBegin(Unknown Source)
	at org.apache.ojb.broker.core.PersistenceBrokerImpl.beginTransaction(Unknown Source)
	at org.apache.ojb.broker.core.DelegatingPersistenceBroker.beginTransaction(Unknown Source)
	at org.apache.ojb.broker.core.DelegatingPersistenceBroker.beginTransaction(Unknown Source)
	at org.apache.ojb.odmg.TransactionImpl.doWriteObjects(Unknown Source)
	at org.apache.ojb.odmg.TransactionImpl.prepareCommit(Unknown Source)
	... 36 more
Caused by: org.apache.ojb.broker.accesslayer.LookupException: Naming Exception while looking up DataSource (java:DefaultDS)
	at org.apache.ojb.broker.accesslayer.ConnectionFactoryAbstractImpl.newConnectionFromDataSource(Unknown Source)
	at org.apache.ojb.broker.accesslayer.ConnectionFactoryAbstractImpl.lookupConnection(Unknown Source)
	at org.apache.ojb.broker.accesslayer.ConnectionManagerImpl.getConnection(Unknown Source)
	... 42 more
Caused by: javax.naming.NoInitialContextException: Need to specify class name in environment or system property, or as an applet parameter, or in an application resource file:  java.naming.factory.initial
	at javax.naming.spi.NamingManager.getInitialContext(NamingManager.java:662)
	at javax.naming.InitialContext.getDefaultInitCtx(InitialContext.java:313)
	at javax.naming.InitialContext.getURLOrDefaultInitCtx(InitialContext.java:350)
	at javax.naming.InitialContext.lookup(InitialContext.java:417)
	... 45 more
]]></system-err>
</testsuite>
